400 40000.00000 -4.47852
401 40100.00000 -5.11597
402 40200.00000 -5.74339
403 40300.00000 -6.36024
404 40400.00000 -6.96601
405 40500.00000 -7.56020
406 40600.00000 -8.14229
407 40700.00000 -8.71181
408 40800.00000 -9.26827
409 40900.00000 -9.81121
410 41000.00000 -10.34017
411 41100.00000 -10.85471
412 41200.00000 -11.35439
413 41300.00000 -11.83879
414 41400.00000 -12.30752
415 41500.00000 -12.76016
416 41600.00000 -13.19636
417 41700.00000 -13.61573
418 41800.00000 -14.01792
419 41900.00000 -14.40260
420 42000.00000 -14.76945
421 42100.00000 -15.11815
422 42200.00000 -15.44842
423 42300.00000 -15.75997
424 42400.00000 -16.05255
425 42500.00000 -16.32590
426 42600.00000 -16.57981
427 42700.00000 -16.81405
428 42800.00000 -17.02842
429 42900.00000 -17.22276
430 43000.00000 -17.39690
431 43100.00000 -17.55068
432 43200.00000 -17.68398
433 43300.00000 -17.79669
434 43400.00000 -17.88872
435 43500.00000 -17.95998
436 43600.00000 -18.01042
437 43700.00000 -18.03999
438 43800.00000 -18.04867
439 43900.00000 -18.03646
440 44000.00000 -18.00335
441 44100.00000 -17.94939
442 44200.00000 -17.87461
443 44300.00000 -17.77908
444 44400.00000 -17.66288
445 44500.00000 -17.52610
446 44600.00000 -17.36886
447 44700.00000 -17.19130
448 44800.00000 -16.99356
449 44900.00000 -16.77581
450 45000.00000 -16.53823
451 45100.00000 -16.28102
452 45200.00000 -16.00440
453 45300.00000 -15.70859
454 45400.00000 -15.39386
455 45500.00000 -15.06045
456 45600.00000 -14.70866
457 45700.00000 -14.33877
458 45800.00000 -13.95110
459 45900.00000 -13.54598
460 46000.00000 -13.12374
461 46100.00000 -12.68474
462 46200.00000 -12.22934
463 46300.00000 -11.75794
464 46400.00000 -11.27092
465 46500.00000 -10.76870
466 46600.00000 -10.25169
467 46700.00000 -9.72033
468 46800.00000 -9.17507
469 46900.00000 -8.61637
470 47000.00000 -8.04469
471 47100.00000 -7.46052
472 47200.00000 -6.86434
473 47300.00000 -6.25665
474 47400.00000 -5.63798
475 47500.00000 -5.00883
476 47600.00000 -4.36973
477 47700.00000 -3.72123
478 47800.00000 -3.06386
479 47900.00000 -2.39818
480 48000.00000 -1.72474
481 48100.00000 -1.04412
482 48200.00000 -0.35689
483 48300.00000 0.33639
484 48400.00000 1.03512
485 48500.00000 1.73872
486 48600.00000 2.44659
487 48700.00000 3.15815
488 48800.00000 3.87280
489 48900.00000 4.58993
490 49000.00000 5.30895
491 49100.00000 6.02924
492 49200.00000 6.75021
493 49300.00000 7.47125
494 49400.00000 8.19175
495 49500.00000 8.91110
496 49600.00000 9.62871
497 49700.00000 10.34398
498 49800.00000 11.05629
499 49900.00000 11.76505
500 50000.00000 12.46968
501 50100.00000 13.16956
502 50200.00000 13.86413
503 50300.00000 14.55278
504 50400.00000 15.23495
505 50500.00000 15.91007
506 50600.00000 16.57756
507 50700.00000 17.23686
508 50800.00000 17.88742
509 50900.00000 18.52870
510 51000.00000 19.16015
511 51100.00000 19.78125
512 51200.00000 20.39148
513 51300.00000 20.99031
514 51400.00000 21.57725
515 51500.00000 22.15181
516 51600.00000 22.71350
517 51700.00000 23.26184
518 51800.00000 23.79639
519 51900.00000 24.31670
520 52000.00000 24.82231
521 52100.00000 25.31281
522 52200.00000 25.78780
523 52300.00000 26.24686
524 52400.00000 26.68961
525 52500.00000 27.11568
526 52600.00000 27.52472
527 52700.00000 27.91638
528 52800.00000 28.29032
529 52900.00000 28.64625
530 53000.00000 28.98385
531 53100.00000 29.30285
532 53200.00000 29.60297
533 53300.00000 29.88396
534 53400.00000 30.14560
535 53500.00000 30.38765
536 53600.00000 30.60992
537 53700.00000 30.81221
538 53800.00000 30.99436
539 53900.00000 31.15622
540 54000.00000 31.29765
541 54100.00000 31.41853
542 54200.00000 31.51876
543 54300.00000 31.59825
544 54400.00000 31.65694
545 54500.00000 31.69478
546 54600.00000 31.71174
547 54700.00000 31.70779
548 54800.00000 31.68296
549 54900.00000 31.63725
550 55000.00000 31.57071
551 55100.00000 31.48339
552 55200.00000 31.37536
553 55300.00000 31.24672
554 55400.00000 31.09757
555 55500.00000 30.92804
556 55600.00000 30.73828
557 55700.00000 30.52843
558 55800.00000 30.29868
559 55900.00000 30.04922
560 56000.00000 29.78025
561 56100.00000 29.49202
562 56200.00000 29.18475
563 56300.00000 28.85870
564 56400.00000 28.51416
565 56500.00000 28.15140
566 56600.00000 27.77073
567 56700.00000 27.37248
568 56800.00000 26.95698
569 56900.00000 26.52457
570 57000.00000 26.07563
571 57100.00000 25.61052
572 57200.00000 25.12963
573 57300.00000 24.63338
574 57400.00000 24.12218
575 57500.00000 23.59645
576 57600.00000 23.05664
577 57700.00000 22.50321
578 57800.00000 21.93661
579 57900.00000 21.35733
580 58000.00000 20.76584
581 58100.00000 20.16265
582 58200.00000 19.54827
583 58300.00000 18.92320
584 58400.00000 18.28798
585 58500.00000 17.64314
586 58600.00000 16.98921
587 58700.00000 16.32676
588 58800.00000 15.65633
589 58900.00000 14.97848
590 59000.00000 14.29380
591 59100.00000 13.60285
592 59200.00000 12.90621
593 59300.00000 12.20447
594 59400.00000 11.49821
595 59500.00000 10.78804
596 59600.00000 10.07455
597 59700.00000 9.35833
598 59800.00000 8.63999
599 59900.00000 7.92013
