400 40000.00000 -36.21213
401 40100.00000 -36.16695
402 40200.00000 -36.10849
403 40300.00000 -36.03676
404 40400.00000 -35.95179
405 40500.00000 -35.85361
406 40600.00000 -35.74227
407 40700.00000 -35.61781
408 40800.00000 -35.48027
409 40900.00000 -35.32971
410 41000.00000 -35.16619
411 41100.00000 -34.98978
412 41200.00000 -34.80053
413 41300.00000 -34.59854
414 41400.00000 -34.38386
415 41500.00000 -34.15660
416 41600.00000 -33.91684
417 41700.00000 -33.66466
418 41800.00000 -33.40018
419 41900.00000 -33.12349
420 42000.00000 -32.83471
421 42100.00000 -32.53394
422 42200.00000 -32.22131
423 42300.00000 -31.89693
424 42400.00000 -31.56094
425 42500.00000 -31.21346
426 42600.00000 -30.85463
427 42700.00000 -30.48459
428 42800.00000 -30.10350
429 42900.00000 -29.71148
430 43000.00000 -29.30871
431 43100.00000 -28.89533
432 43200.00000 -28.47152
433 43300.00000 -28.03743
434 43400.00000 -27.59323
435 43500.00000 -27.13910
436 43600.00000 -26.67523
437 43700.00000 -26.20178
438 43800.00000 -25.71894
439 43900.00000 -25.22691
440 44000.00000 -24.72587
441 44100.00000 -24.21603
442 44200.00000 -23.69758
443 44300.00000 -23.17073
444 44400.00000 -22.63567
445 44500.00000 -22.09263
446 44600.00000 -21.54181
447 44700.00000 -20.98344
448 44800.00000 -20.41772
449 44900.00000 -19.84488
450 45000.00000 -19.26515
451 45100.00000 -18.67875
452 45200.00000 -18.08591
453 45300.00000 -17.48686
454 45400.00000 -16.88184
455 45500.00000 -16.27109
456 45600.00000 -15.65484
457 45700.00000 -15.03334
458 45800.00000 -14.40683
459 45900.00000 -13.77555
460 46000.00000 -13.13975
461 46100.00000 -12.49969
462 46200.00000 -11.85561
463 46300.00000 -11.20776
464 46400.00000 -10.55640
465 46500.00000 -9.90179
466 46600.00000 -9.24417
467 46700.00000 -8.58381
468 46800.00000 -7.92097
469 46900.00000 -7.25591
470 47000.00000 -6.58887
471 47100.00000 -5.92014
472 47200.00000 -5.24997
473 47300.00000 -4.57862
474 47400.00000 -3.90635
475 47500.00000 -3.23343
476 47600.00000 -2.56013
477 47700.00000 -1.88670
478 47800.00000 -1.21341
479 47900.00000 -0.54052
480 48000.00000 0.13170
481 48100.00000 0.80299
482 48200.00000 1.47309
483 48300.00000 2.14173
484 48400.00000 2.80865
485 48500.00000 3.47360
486 48600.00000 4.13630
487 48700.00000 4.79651
488 48800.00000 5.45396
489 48900.00000 6.10839
490 49000.00000 6.75956
491 49100.00000 7.40719
492 49200.00000 8.05105
493 49300.00000 8.69087
494 49400.00000 9.32641
495 49500.00000 9.95742
496 49600.00000 10.58365
497 49700.00000 11.20485
498 49800.00000 11.82079
499 49900.00000 12.43121
500 50000.00000 13.03589
501 50100.00000 13.63459
502 50200.00000 14.22706
503 50300.00000 14.81308
504 50400.00000 15.39242
505 50500.00000 15.96485
506 50600.00000 16.53015
507 50700.00000 17.08810
508 50800.00000 17.63847
509 50900.00000 18.18105
510 51000.00000 18.71564
511 51100.00000 19.24201
512 51200.00000 19.75997
513 51300.00000 20.26931
514 51400.00000 20.76983
515 51500.00000 21.26133
516 51600.00000 21.74363
517 51700.00000 22.21653
518 51800.00000 22.67985
519 51900.00000 23.13340
520 52000.00000 23.57702
521 52100.00000 24.01052
522 52200.00000 24.43373
523 52300.00000 24.84650
524 52400.00000 25.24865
525 52500.00000 25.64004
526 52600.00000 26.02050
527 52700.00000 26.38989
528 52800.00000 26.74807
529 52900.00000 27.09488
530 53000.00000 27.43021
531 53100.00000 27.75391
532 53200.00000 28.06586
533 53300.00000 28.36593
534 53400.00000 28.65402
535 53500.00000 28.93000
536 53600.00000 29.19378
537 53700.00000 29.44523
538 53800.00000 29.68428
539 53900.00000 29.91081
540 54000.00000 30.12475
541 54100.00000 30.32601
542 54200.00000 30.51452
543 54300.00000 30.69019
544 54400.00000 30.85296
545 54500.00000 31.00276
546 54600.00000 31.13954
547 54700.00000 31.26325
548 54800.00000 31.37383
549 54900.00000 31.47124
550 55000.00000 31.55544
551 55100.00000 31.62640
552 55200.00000 31.68410
553 55300.00000 31.72850
554 55400.00000 31.75960
555 55500.00000 31.77738
556 55600.00000 31.78183
557 55700.00000 31.77295
558 55800.00000 31.75075
559 55900.00000 31.71523
560 56000.00000 31.66641
561 56100.00000 31.60430
562 56200.00000 31.52894
563 56300.00000 31.44034
564 56400.00000 31.33855
565 56500.00000 31.22361
566 56600.00000 31.09555
567 56700.00000 30.95444
568 56800.00000 30.80032
569 56900.00000 30.63326
570 57000.00000 30.45332
571 57100.00000 30.26057
572 57200.00000 30.05509
573 57300.00000 29.83695
574 57400.00000 29.60625
575 57500.00000 29.36307
576 57600.00000 29.10751
577 57700.00000 28.83967
578 57800.00000 28.55966
579 57900.00000 28.26758
580 58000.00000 27.96354
581 58100.00000 27.64768
582 58200.00000 27.32010
583 58300.00000 26.98094
584 58400.00000 26.63034
585 58500.00000 26.26842
586 58600.00000 25.89534
587 58700.00000 25.51123
588 58800.00000 25.11625
589 58900.00000 24.71055
590 59000.00000 24.29430
591 59100.00000 23.86765
592 59200.00000 23.43077
593 59300.00000 22.98383
594 59400.00000 22.52701
595 59500.00000 22.06049
596 59600.00000 21.58445
597 59700.00000 21.09907
598 59800.00000 20.60455
599 59900.00000 20.10108
