400 40000.00000 -46.90649
401 40100.00000 -46.31563
402 40200.00000 -45.72477
403 40300.00000 -45.13390
404 40400.00000 -44.54304
405 40500.00000 -43.95217
406 40600.00000 -43.36131
407 40700.00000 -42.77045
408 40800.00000 -42.17958
409 40900.00000 -41.58872
410 41000.00000 -40.99785
411 41100.00000 -40.40699
412 41200.00000 -39.81613
413 41300.00000 -39.22526
414 41400.00000 -38.63440
415 41500.00000 -38.04353
416 41600.00000 -37.45267
417 41700.00000 -36.86181
418 41800.00000 -36.27094
419 41900.00000 -35.68008
420 42000.00000 -35.08921
421 42100.00000 -34.49835
422 42200.00000 -33.90749
423 42300.00000 -33.31662
424 42400.00000 -32.72576
425 42500.00000 -32.13489
426 42600.00000 -31.54403
427 42700.00000 -30.95317
428 42800.00000 -30.36230
429 42900.00000 -29.77144
430 43000.00000 -29.18057
431 43100.00000 -28.58971
432 43200.00000 -27.99885
433 43300.00000 -27.40798
434 43400.00000 -26.81712
435 43500.00000 -26.22625
436 43600.00000 -25.63539
437 43700.00000 -25.04453
438 43800.00000 -24.45366
439 43900.00000 -23.86280
440 44000.00000 -23.27193
441 44100.00000 -22.68107
442 44200.00000 -22.09021
443 44300.00000 -21.49934
444 44400.00000 -20.90848
445 44500.00000 -20.31761
446 44600.00000 -19.72675
447 44700.00000 -19.13589
448 44800.00000 -18.54502
449 44900.00000 -17.95416
450 45000.00000 -17.36329
451 45100.00000 -16.77243
452 45200.00000 -16.18157
453 45300.00000 -15.59070
454 45400.00000 -14.99984
455 45500.00000 -14.40897
456 45600.00000 -13.81811
457 45700.00000 -13.22725
458 45800.00000 -12.63638
459 45900.00000 -12.04552
460 46000.00000 -11.45465
461 46100.00000 -10.86379
462 46200.00000 -10.27293
463 46300.00000 -9.68206
464 46400.00000 -9.09120
465 46500.00000 -8.50033
466 46600.00000 -7.90947
467 46700.00000 -7.31861
468 46800.00000 -6.72774
469 46900.00000 -6.13688
470 47000.00000 -5.54601
471 47100.00000 -4.95515
472 47200.00000 -4.36429
473 47300.00000 -3.77342
474 47400.00000 -3.18256
475 47500.00000 -2.59169
476 47600.00000 -2.00083
477 47700.00000 -1.40997
478 47800.00000 -0.81910
479 47900.00000 -0.22824
480 48000.00000 0.36263
481 48100.00000 0.95349
482 48200.00000 1.54435
483 48300.00000 2.13522
484 48400.00000 2.72608
485 48500.00000 3.31695
486 48600.00000 3.90781
487 48700.00000 4.49867
488 48800.00000 5.08954
489 48900.00000 5.68040
490 49000.00000 6.27127
491 49100.00000 6.86213
492 49200.00000 7.45299
493 49300.00000 8.04386
494 49400.00000 8.63472
495 49500.00000 9.22559
496 49600.00000 9.81645
497 49700.00000 10.40731
498 49800.00000 10.99818
499 49900.00000 11.58904
500 50000.00000 12.17991
501 50100.00000 12.77077
502 50200.00000 13.36163
503 50300.00000 13.95250
504 50400.00000 14.54336
505 50500.00000 15.13423
506 50600.00000 15.72509
507 50700.00000 16.31595
508 50800.00000 16.90682
509 50900.00000 17.49768
510 51000.00000 18.08855
511 51100.00000 18.67941
512 51200.00000 19.27027
513 51300.00000 19.86114
514 51400.00000 20.45200
515 51500.00000 21.04287
516 51600.00000 21.63373
517 51700.00000 22.22459
518 51800.00000 22.81546
519 51900.00000 23.40632
520 52000.00000 23.99718
521 52100.00000 24.58805
522 52200.00000 25.17891
523 52300.00000 25.76978
524 52400.00000 26.36064
525 52500.00000 26.95150
526 52600.00000 27.54237
527 52700.00000 28.13323
528 52800.00000 28.72410
529 52900.00000 29.31496
530 53000.00000 29.90582
531 53100.00000 30.49669
532 53200.00000 31.08755
533 53300.00000 31.67842
534 53400.00000 32.26928
535 53500.00000 32.86014
536 53600.00000 33.45101
537 53700.00000 34.04187
538 53800.00000 34.63274
539 53900.00000 35.22360
540 54000.00000 35.81446
541 54100.00000 36.40533
542 54200.00000 36.99619
543 54300.00000 37.58706
544 54400.00000 38.17792
545 54500.00000 38.76878
546 54600.00000 39.35965
547 54700.00000 39.95051
548 54800.00000 40.54138
549 54900.00000 41.13224
